lis 06, 2017 2:00:50 PM com.imagecompare.browser.system.Log put
INFO: Log (Logger): Uruchomienie aplikacji w trybie DEBUG. Logger załadowany.
lis 06, 2017 2:00:51 PM com.imagecompare.browser.system.Log put
INFO: com.imagecompare.browser.MainClass: Start aplikacji ImageCompareBrowser a.k.a. Admin Images.
lis 06, 2017 2:00:51 PM com.imagecompare.browser.system.Log put
INFO: com.imagecompare.browser.system.ConfigFileHandler: Brak pliku konfiguracji. Tworzenie nowego pliku z domyślnymi wartościami.
lis 06, 2017 2:00:53 PM com.imagecompare.browser.system.Log put
INFO: com.imagecompare.browser.gui.main.MainWindow: Created GUI on EDT? true
lis 06, 2017 2:01:13 PM com.imagecompare.browser.system.Log put
INFO: com.imagecompare.browser.system.ConfigFileHandler: Wpisanie do pliku konfiguracji ścieżki ostatnio używanej bazy danych: C:/Users/Piotrek/IdeaProjects/images-compare-browser/mydb.db
lis 06, 2017 2:01:14 PM com.imagecompare.browser.system.Log put
INFO: com.imagecompare.browser.system.SQLiteConnector: Utworzono nowe połączenie z bazą danych.
lis 06, 2017 2:01:14 PM com.imagecompare.browser.system.Log put
INFO: com.imagecompare.browser.system.SQLiteConnector: Zwróconych wyników z bazy danych: 20
lis 06, 2017 2:01:14 PM com.imagecompare.browser.system.Log put
INFO: com.imagecompare.browser.system.SQLiteConnector: Odczyt z bazy danych C:/Users/Piotrek/IdeaProjects/images-compare-browser/mydb.db prawidłowy.
lis 06, 2017 2:01:14 PM com.imagecompare.browser.system.Log put
INFO: com.imagecompare.browser.system.SQLiteConnector: Zwróconych wyników z bazy danych: 20
lis 06, 2017 2:01:14 PM com.imagecompare.browser.system.Log put
INFO: com.imagecompare.browser.system.SQLiteConnector: Odczyt z bazy danych C:/Users/Piotrek/IdeaProjects/images-compare-browser/mydb.db prawidłowy.
lis 06, 2017 2:01:23 PM com.imagecompare.browser.system.Log put
INFO: com.imagecompare.browser.gui.main.MainWindow: Zapis ustawień okna.
lis 06, 2017 2:01:23 PM com.imagecompare.browser.system.Log put
INFO: com.imagecompare.browser.system.ConfigFileHandler: Wpisanie do pliku konfiguracji ostatniej wielkości okna aplikacji: C:/Users/Piotrek/IdeaProjects/images-compare-browser/mydb.db
lis 06, 2017 2:01:23 PM com.imagecompare.browser.system.Log put
INFO: com.imagecompare.browser.gui.main.MainWindow: Zamykanie połączenia z bazą SQLite.
lis 06, 2017 2:01:23 PM com.imagecompare.browser.system.Log put
INFO: com.imagecompare.browser.gui.main.MainWindow: Zamykanie aplikacji.
lis 06, 2017 2:01:29 PM com.imagecompare.browser.system.Log put
INFO: Log (Logger): Uruchomienie aplikacji w trybie DEBUG. Logger załadowany.
lis 06, 2017 2:01:29 PM com.imagecompare.browser.system.Log put
INFO: com.imagecompare.browser.MainClass: Start aplikacji ImageCompareBrowser a.k.a. Admin Images.
lis 06, 2017 2:01:29 PM com.imagecompare.browser.system.Log put
INFO: com.imagecompare.browser.system.ConfigFileHandler: Plik konfiguracji - OK.
lis 06, 2017 2:01:30 PM com.imagecompare.browser.system.Log put
INFO: com.imagecompare.browser.gui.main.MainWindow: Created GUI on EDT? true
lis 06, 2017 2:01:30 PM com.imagecompare.browser.system.Log put
INFO: com.imagecompare.browser.gui.main.InitialDialog: Ostatnio wybierany plik bazy danych: C:/Users/Piotrek/IdeaProjects/images-compare-browser/mydb.db
lis 06, 2017 2:01:32 PM com.imagecompare.browser.system.Log put
INFO: com.imagecompare.browser.gui.main.InitialDialog: Załadowany plik bazy danych: C:/Users/Piotrek/IdeaProjects/images-compare-browser/mydb.db
lis 06, 2017 2:01:33 PM com.imagecompare.browser.system.Log put
INFO: com.imagecompare.browser.system.SQLiteConnector: Utworzono nowe połączenie z bazą danych.
lis 06, 2017 2:01:33 PM com.imagecompare.browser.system.Log put
INFO: com.imagecompare.browser.system.SQLiteConnector: Zwróconych wyników z bazy danych: 20
lis 06, 2017 2:01:33 PM com.imagecompare.browser.system.Log put
INFO: com.imagecompare.browser.system.SQLiteConnector: Odczyt z bazy danych C:/Users/Piotrek/IdeaProjects/images-compare-browser/mydb.db prawidłowy.
lis 06, 2017 2:01:33 PM com.imagecompare.browser.system.Log put
INFO: com.imagecompare.browser.system.SQLiteConnector: Zwróconych wyników z bazy danych: 20
lis 06, 2017 2:01:33 PM com.imagecompare.browser.system.Log put
INFO: com.imagecompare.browser.system.SQLiteConnector: Odczyt z bazy danych C:/Users/Piotrek/IdeaProjects/images-compare-browser/mydb.db prawidłowy.
lis 06, 2017 2:01:39 PM com.imagecompare.browser.system.Log put
INFO: com.imagecompare.browser.gui.main.MainWindow: Zapis ustawień okna.
lis 06, 2017 2:01:39 PM com.imagecompare.browser.system.Log put
INFO: com.imagecompare.browser.system.ConfigFileHandler: Wpisanie do pliku konfiguracji ostatniej wielkości okna aplikacji: C:/Users/Piotrek/IdeaProjects/images-compare-browser/mydb.db
lis 06, 2017 2:01:39 PM com.imagecompare.browser.system.Log put
INFO: com.imagecompare.browser.gui.main.MainWindow: Zamykanie połączenia z bazą SQLite.
lis 06, 2017 2:01:39 PM com.imagecompare.browser.system.Log put
INFO: com.imagecompare.browser.gui.main.MainWindow: Zamykanie aplikacji.
lis 06, 2017 2:02:26 PM com.imagecompare.browser.system.Log put
INFO: Log (Logger): Uruchomienie aplikacji w trybie DEBUG. Logger załadowany.
lis 06, 2017 2:02:26 PM com.imagecompare.browser.system.Log put
INFO: com.imagecompare.browser.MainClass: Start aplikacji ImageCompareBrowser a.k.a. Admin Images.
lis 06, 2017 2:02:26 PM com.imagecompare.browser.system.Log put
INFO: com.imagecompare.browser.system.ConfigFileHandler: Plik konfiguracji - OK.
lis 06, 2017 2:02:26 PM com.imagecompare.browser.system.Log put
INFO: com.imagecompare.browser.gui.main.MainWindow: Created GUI on EDT? true
lis 06, 2017 2:02:26 PM com.imagecompare.browser.system.Log put
INFO: com.imagecompare.browser.gui.main.InitialDialog: Ostatnio wybierany plik bazy danych: C:/Users/Piotrek/IdeaProjects/images-compare-browser/mydb.db
lis 06, 2017 2:02:28 PM com.imagecompare.browser.system.Log put
INFO: com.imagecompare.browser.gui.main.InitialDialog: Załadowany plik bazy danych: C:/Users/Piotrek/IdeaProjects/images-compare-browser/mydb.db
lis 06, 2017 2:02:28 PM com.imagecompare.browser.system.Log put
INFO: com.imagecompare.browser.system.SQLiteConnector: Utworzono nowe połączenie z bazą danych.
lis 06, 2017 2:02:28 PM com.imagecompare.browser.system.Log put
INFO: com.imagecompare.browser.system.SQLiteConnector: Zwróconych wyników z bazy danych: 20
lis 06, 2017 2:02:28 PM com.imagecompare.browser.system.Log put
INFO: com.imagecompare.browser.system.SQLiteConnector: Odczyt z bazy danych C:/Users/Piotrek/IdeaProjects/images-compare-browser/mydb.db prawidłowy.
lis 06, 2017 2:02:28 PM com.imagecompare.browser.system.Log put
INFO: com.imagecompare.browser.system.SQLiteConnector: Zwróconych wyników z bazy danych: 20
lis 06, 2017 2:02:28 PM com.imagecompare.browser.system.Log put
INFO: com.imagecompare.browser.system.SQLiteConnector: Odczyt z bazy danych C:/Users/Piotrek/IdeaProjects/images-compare-browser/mydb.db prawidłowy.
lis 06, 2017 2:02:35 PM com.imagecompare.browser.system.Log put
INFO: com.imagecompare.browser.gui.main.MainWindow: Zapis ustawień okna.
lis 06, 2017 2:02:35 PM com.imagecompare.browser.system.Log put
INFO: com.imagecompare.browser.system.ConfigFileHandler: Wpisanie do pliku konfiguracji ostatniej wielkości okna aplikacji: C:/Users/Piotrek/IdeaProjects/images-compare-browser/mydb.db
lis 06, 2017 2:02:35 PM com.imagecompare.browser.system.Log put
INFO: com.imagecompare.browser.gui.main.MainWindow: Zamykanie połączenia z bazą SQLite.
lis 06, 2017 2:02:35 PM com.imagecompare.browser.system.Log put
INFO: com.imagecompare.browser.gui.main.MainWindow: Zamykanie aplikacji.
lis 06, 2017 2:02:46 PM com.imagecompare.browser.system.Log put
INFO: Log (Logger): Uruchomienie aplikacji w trybie DEBUG. Logger załadowany.
lis 06, 2017 2:02:46 PM com.imagecompare.browser.system.Log put
INFO: com.imagecompare.browser.MainClass: Start aplikacji ImageCompareBrowser a.k.a. Admin Images.
lis 06, 2017 2:02:46 PM com.imagecompare.browser.system.Log put
INFO: com.imagecompare.browser.system.ConfigFileHandler: Plik konfiguracji - OK.
lis 06, 2017 2:02:46 PM com.imagecompare.browser.system.Log put
INFO: com.imagecompare.browser.gui.main.MainWindow: Created GUI on EDT? true
lis 06, 2017 2:02:46 PM com.imagecompare.browser.system.Log put
INFO: com.imagecompare.browser.gui.main.InitialDialog: Ostatnio wybierany plik bazy danych: C:/Users/Piotrek/IdeaProjects/images-compare-browser/mydb.db
lis 06, 2017 2:02:47 PM com.imagecompare.browser.system.Log put
INFO: com.imagecompare.browser.gui.main.InitialDialog: Załadowany plik bazy danych: C:/Users/Piotrek/IdeaProjects/images-compare-browser/mydb.db
lis 06, 2017 2:02:49 PM com.imagecompare.browser.system.Log put
INFO: com.imagecompare.browser.system.SQLiteConnector: Utworzono nowe połączenie z bazą danych.
lis 06, 2017 2:02:49 PM com.imagecompare.browser.system.Log put
INFO: com.imagecompare.browser.system.SQLiteConnector: Zwróconych wyników z bazy danych: 20
lis 06, 2017 2:02:49 PM com.imagecompare.browser.system.Log put
INFO: com.imagecompare.browser.system.SQLiteConnector: Odczyt z bazy danych C:/Users/Piotrek/IdeaProjects/images-compare-browser/mydb.db prawidłowy.
lis 06, 2017 2:02:49 PM com.imagecompare.browser.system.Log put
INFO: com.imagecompare.browser.system.SQLiteConnector: Zwróconych wyników z bazy danych: 20
lis 06, 2017 2:02:49 PM com.imagecompare.browser.system.Log put
INFO: com.imagecompare.browser.system.SQLiteConnector: Odczyt z bazy danych C:/Users/Piotrek/IdeaProjects/images-compare-browser/mydb.db prawidłowy.
lis 06, 2017 2:02:55 PM com.imagecompare.browser.system.Log put
INFO: com.imagecompare.browser.gui.main.MainWindow: Zapis ustawień okna.
lis 06, 2017 2:02:55 PM com.imagecompare.browser.system.Log put
INFO: com.imagecompare.browser.system.ConfigFileHandler: Wpisanie do pliku konfiguracji ostatniej wielkości okna aplikacji: C:/Users/Piotrek/IdeaProjects/images-compare-browser/mydb.db
lis 06, 2017 2:02:55 PM com.imagecompare.browser.system.Log put
INFO: com.imagecompare.browser.gui.main.MainWindow: Zamykanie połączenia z bazą SQLite.
lis 06, 2017 2:02:55 PM com.imagecompare.browser.system.Log put
INFO: com.imagecompare.browser.gui.main.MainWindow: Zamykanie aplikacji.
lis 06, 2017 2:03:46 PM com.imagecompare.browser.system.Log put
INFO: Log (Logger): Uruchomienie aplikacji w trybie DEBUG. Logger załadowany.
lis 06, 2017 2:03:46 PM com.imagecompare.browser.system.Log put
INFO: com.imagecompare.browser.MainClass: Start aplikacji ImageCompareBrowser a.k.a. Admin Images.
lis 06, 2017 2:03:46 PM com.imagecompare.browser.system.Log put
INFO: com.imagecompare.browser.system.ConfigFileHandler: Plik konfiguracji - OK.
lis 06, 2017 2:03:46 PM com.imagecompare.browser.system.Log put
INFO: com.imagecompare.browser.gui.main.MainWindow: Created GUI on EDT? true
lis 06, 2017 2:03:46 PM com.imagecompare.browser.system.Log put
INFO: com.imagecompare.browser.gui.main.InitialDialog: Ostatnio wybierany plik bazy danych: C:/Users/Piotrek/IdeaProjects/images-compare-browser/mydb.db
lis 06, 2017 2:03:47 PM com.imagecompare.browser.system.Log put
INFO: com.imagecompare.browser.gui.main.InitialDialog: Załadowany plik bazy danych: C:/Users/Piotrek/IdeaProjects/images-compare-browser/mydb.db
lis 06, 2017 2:03:48 PM com.imagecompare.browser.system.Log put
INFO: com.imagecompare.browser.system.SQLiteConnector: Utworzono nowe połączenie z bazą danych.
lis 06, 2017 2:03:48 PM com.imagecompare.browser.system.Log put
INFO: com.imagecompare.browser.system.SQLiteConnector: Zwróconych wyników z bazy danych: 20
lis 06, 2017 2:03:48 PM com.imagecompare.browser.system.Log put
INFO: com.imagecompare.browser.system.SQLiteConnector: Odczyt z bazy danych C:/Users/Piotrek/IdeaProjects/images-compare-browser/mydb.db prawidłowy.
lis 06, 2017 2:03:48 PM com.imagecompare.browser.system.Log put
INFO: com.imagecompare.browser.system.SQLiteConnector: Zwróconych wyników z bazy danych: 20
lis 06, 2017 2:03:48 PM com.imagecompare.browser.system.Log put
INFO: com.imagecompare.browser.system.SQLiteConnector: Odczyt z bazy danych C:/Users/Piotrek/IdeaProjects/images-compare-browser/mydb.db prawidłowy.
lis 06, 2017 2:04:05 PM com.imagecompare.browser.system.Log put
INFO: com.imagecompare.browser.gui.main.MainWindow: Zapis ustawień okna.
lis 06, 2017 2:04:05 PM com.imagecompare.browser.system.Log put
INFO: com.imagecompare.browser.system.ConfigFileHandler: Wpisanie do pliku konfiguracji ostatniej wielkości okna aplikacji: C:/Users/Piotrek/IdeaProjects/images-compare-browser/mydb.db
lis 06, 2017 2:04:05 PM com.imagecompare.browser.system.Log put
INFO: com.imagecompare.browser.gui.main.MainWindow: Zamykanie połączenia z bazą SQLite.
lis 06, 2017 2:04:05 PM com.imagecompare.browser.system.Log put
INFO: com.imagecompare.browser.gui.main.MainWindow: Zamykanie aplikacji.
lis 06, 2017 2:05:13 PM com.imagecompare.browser.system.Log put
INFO: Log (Logger): Uruchomienie aplikacji w trybie DEBUG. Logger załadowany.
lis 06, 2017 2:05:13 PM com.imagecompare.browser.system.Log put
INFO: com.imagecompare.browser.MainClass: Start aplikacji ImageCompareBrowser a.k.a. Admin Images.
lis 06, 2017 2:05:13 PM com.imagecompare.browser.system.Log put
INFO: com.imagecompare.browser.system.ConfigFileHandler: Plik konfiguracji - OK.
lis 06, 2017 2:05:13 PM com.imagecompare.browser.system.Log put
INFO: com.imagecompare.browser.gui.main.MainWindow: Created GUI on EDT? true
lis 06, 2017 2:05:13 PM com.imagecompare.browser.system.Log put
INFO: com.imagecompare.browser.gui.main.InitialDialog: Ostatnio wybierany plik bazy danych: C:/Users/Piotrek/IdeaProjects/images-compare-browser/mydb.db
lis 06, 2017 2:05:14 PM com.imagecompare.browser.system.Log put
INFO: com.imagecompare.browser.gui.main.InitialDialog: Załadowany plik bazy danych: C:/Users/Piotrek/IdeaProjects/images-compare-browser/mydb.db
lis 06, 2017 2:05:15 PM com.imagecompare.browser.system.Log put
INFO: com.imagecompare.browser.system.SQLiteConnector: Utworzono nowe połączenie z bazą danych.
lis 06, 2017 2:05:15 PM com.imagecompare.browser.system.Log put
INFO: com.imagecompare.browser.system.SQLiteConnector: Zwróconych wyników z bazy danych: 20
lis 06, 2017 2:05:15 PM com.imagecompare.browser.system.Log put
INFO: com.imagecompare.browser.system.SQLiteConnector: Odczyt z bazy danych C:/Users/Piotrek/IdeaProjects/images-compare-browser/mydb.db prawidłowy.
lis 06, 2017 2:05:15 PM com.imagecompare.browser.system.Log put
INFO: com.imagecompare.browser.system.SQLiteConnector: Zwróconych wyników z bazy danych: 20
lis 06, 2017 2:05:15 PM com.imagecompare.browser.system.Log put
INFO: com.imagecompare.browser.system.SQLiteConnector: Odczyt z bazy danych C:/Users/Piotrek/IdeaProjects/images-compare-browser/mydb.db prawidłowy.
lis 06, 2017 2:05:19 PM com.imagecompare.browser.system.Log put
INFO: com.imagecompare.browser.gui.main.MainWindow: Zapis ustawień okna.
lis 06, 2017 2:05:19 PM com.imagecompare.browser.system.Log put
INFO: com.imagecompare.browser.system.ConfigFileHandler: Wpisanie do pliku konfiguracji ostatniej wielkości okna aplikacji: C:/Users/Piotrek/IdeaProjects/images-compare-browser/mydb.db
lis 06, 2017 2:05:19 PM com.imagecompare.browser.system.Log put
INFO: com.imagecompare.browser.gui.main.MainWindow: Zamykanie połączenia z bazą SQLite.
lis 06, 2017 2:05:19 PM com.imagecompare.browser.system.Log put
INFO: com.imagecompare.browser.gui.main.MainWindow: Zamykanie aplikacji.
lis 06, 2017 2:05:35 PM com.imagecompare.browser.system.Log put
INFO: Log (Logger): Uruchomienie aplikacji w trybie DEBUG. Logger załadowany.
lis 06, 2017 2:05:35 PM com.imagecompare.browser.system.Log put
INFO: com.imagecompare.browser.MainClass: Start aplikacji ImageCompareBrowser a.k.a. Admin Images.
lis 06, 2017 2:05:35 PM com.imagecompare.browser.system.Log put
INFO: com.imagecompare.browser.system.ConfigFileHandler: Plik konfiguracji - OK.
lis 06, 2017 2:05:35 PM com.imagecompare.browser.system.Log put
INFO: com.imagecompare.browser.gui.main.MainWindow: Created GUI on EDT? true
lis 06, 2017 2:05:35 PM com.imagecompare.browser.system.Log put
INFO: com.imagecompare.browser.gui.main.InitialDialog: Ostatnio wybierany plik bazy danych: C:/Users/Piotrek/IdeaProjects/images-compare-browser/mydb.db
lis 06, 2017 2:05:37 PM com.imagecompare.browser.system.Log put
INFO: com.imagecompare.browser.gui.main.InitialDialog: Załadowany plik bazy danych: C:/Users/Piotrek/IdeaProjects/images-compare-browser/mydb.db
lis 06, 2017 2:05:38 PM com.imagecompare.browser.system.Log put
INFO: com.imagecompare.browser.system.SQLiteConnector: Utworzono nowe połączenie z bazą danych.
lis 06, 2017 2:05:38 PM com.imagecompare.browser.system.Log put
INFO: com.imagecompare.browser.system.SQLiteConnector: Zwróconych wyników z bazy danych: 20
lis 06, 2017 2:05:38 PM com.imagecompare.browser.system.Log put
INFO: com.imagecompare.browser.system.SQLiteConnector: Odczyt z bazy danych C:/Users/Piotrek/IdeaProjects/images-compare-browser/mydb.db prawidłowy.
lis 06, 2017 2:05:38 PM com.imagecompare.browser.system.Log put
INFO: com.imagecompare.browser.system.SQLiteConnector: Zwróconych wyników z bazy danych: 20
lis 06, 2017 2:05:38 PM com.imagecompare.browser.system.Log put
INFO: com.imagecompare.browser.system.SQLiteConnector: Odczyt z bazy danych C:/Users/Piotrek/IdeaProjects/images-compare-browser/mydb.db prawidłowy.
lis 06, 2017 2:05:42 PM com.imagecompare.browser.system.Log put
INFO: com.imagecompare.browser.gui.main.MainWindow: Zapis ustawień okna.
lis 06, 2017 2:05:42 PM com.imagecompare.browser.system.Log put
INFO: com.imagecompare.browser.system.ConfigFileHandler: Wpisanie do pliku konfiguracji ostatniej wielkości okna aplikacji: C:/Users/Piotrek/IdeaProjects/images-compare-browser/mydb.db
lis 06, 2017 2:05:42 PM com.imagecompare.browser.system.Log put
INFO: com.imagecompare.browser.gui.main.MainWindow: Zamykanie połączenia z bazą SQLite.
lis 06, 2017 2:05:42 PM com.imagecompare.browser.system.Log put
INFO: com.imagecompare.browser.gui.main.MainWindow: Zamykanie aplikacji.
lis 06, 2017 2:06:04 PM com.imagecompare.browser.system.Log put
INFO: Log (Logger): Uruchomienie aplikacji w trybie DEBUG. Logger załadowany.
lis 06, 2017 2:06:04 PM com.imagecompare.browser.system.Log put
INFO: com.imagecompare.browser.MainClass: Start aplikacji ImageCompareBrowser a.k.a. Admin Images.
lis 06, 2017 2:06:04 PM com.imagecompare.browser.system.Log put
INFO: com.imagecompare.browser.system.ConfigFileHandler: Plik konfiguracji - OK.
lis 06, 2017 2:06:04 PM com.imagecompare.browser.system.Log put
INFO: com.imagecompare.browser.gui.main.MainWindow: Created GUI on EDT? true
lis 06, 2017 2:06:04 PM com.imagecompare.browser.system.Log put
INFO: com.imagecompare.browser.gui.main.InitialDialog: Ostatnio wybierany plik bazy danych: C:/Users/Piotrek/IdeaProjects/images-compare-browser/mydb.db
lis 06, 2017 2:06:05 PM com.imagecompare.browser.system.Log put
INFO: com.imagecompare.browser.gui.main.InitialDialog: Załadowany plik bazy danych: C:/Users/Piotrek/IdeaProjects/images-compare-browser/mydb.db
lis 06, 2017 2:06:07 PM com.imagecompare.browser.system.Log put
INFO: com.imagecompare.browser.system.SQLiteConnector: Utworzono nowe połączenie z bazą danych.
lis 06, 2017 2:06:07 PM com.imagecompare.browser.system.Log put
INFO: com.imagecompare.browser.system.SQLiteConnector: Zwróconych wyników z bazy danych: 20
lis 06, 2017 2:06:07 PM com.imagecompare.browser.system.Log put
INFO: com.imagecompare.browser.system.SQLiteConnector: Odczyt z bazy danych C:/Users/Piotrek/IdeaProjects/images-compare-browser/mydb.db prawidłowy.
lis 06, 2017 2:06:07 PM com.imagecompare.browser.system.Log put
INFO: com.imagecompare.browser.system.SQLiteConnector: Zwróconych wyników z bazy danych: 20
lis 06, 2017 2:06:07 PM com.imagecompare.browser.system.Log put
INFO: com.imagecompare.browser.system.SQLiteConnector: Odczyt z bazy danych C:/Users/Piotrek/IdeaProjects/images-compare-browser/mydb.db prawidłowy.
lis 06, 2017 2:06:09 PM com.imagecompare.browser.system.Log put
INFO: com.imagecompare.browser.gui.main.MainWindow: Zapis ustawień okna.
lis 06, 2017 2:06:09 PM com.imagecompare.browser.system.Log put
INFO: com.imagecompare.browser.system.ConfigFileHandler: Wpisanie do pliku konfiguracji ostatniej wielkości okna aplikacji: C:/Users/Piotrek/IdeaProjects/images-compare-browser/mydb.db
lis 06, 2017 2:06:09 PM com.imagecompare.browser.system.Log put
INFO: com.imagecompare.browser.gui.main.MainWindow: Zamykanie połączenia z bazą SQLite.
lis 06, 2017 2:06:09 PM com.imagecompare.browser.system.Log put
INFO: com.imagecompare.browser.gui.main.MainWindow: Zamykanie aplikacji.
lis 06, 2017 2:06:27 PM com.imagecompare.browser.system.Log put
INFO: Log (Logger): Uruchomienie aplikacji w trybie DEBUG. Logger załadowany.
lis 06, 2017 2:06:27 PM com.imagecompare.browser.system.Log put
INFO: com.imagecompare.browser.MainClass: Start aplikacji ImageCompareBrowser a.k.a. Admin Images.
lis 06, 2017 2:06:27 PM com.imagecompare.browser.system.Log put
INFO: com.imagecompare.browser.system.ConfigFileHandler: Plik konfiguracji - OK.
lis 06, 2017 2:06:27 PM com.imagecompare.browser.system.Log put
INFO: com.imagecompare.browser.gui.main.MainWindow: Created GUI on EDT? true
lis 06, 2017 2:06:27 PM com.imagecompare.browser.system.Log put
INFO: com.imagecompare.browser.gui.main.InitialDialog: Ostatnio wybierany plik bazy danych: C:/Users/Piotrek/IdeaProjects/images-compare-browser/mydb.db
lis 06, 2017 2:06:29 PM com.imagecompare.browser.system.Log put
INFO: com.imagecompare.browser.gui.main.InitialDialog: Załadowany plik bazy danych: C:/Users/Piotrek/IdeaProjects/images-compare-browser/mydb.db
lis 06, 2017 2:06:29 PM com.imagecompare.browser.system.Log put
INFO: com.imagecompare.browser.system.SQLiteConnector: Utworzono nowe połączenie z bazą danych.
lis 06, 2017 2:06:29 PM com.imagecompare.browser.system.Log put
INFO: com.imagecompare.browser.system.SQLiteConnector: Zwróconych wyników z bazy danych: 20
lis 06, 2017 2:06:29 PM com.imagecompare.browser.system.Log put
INFO: com.imagecompare.browser.system.SQLiteConnector: Odczyt z bazy danych C:/Users/Piotrek/IdeaProjects/images-compare-browser/mydb.db prawidłowy.
lis 06, 2017 2:06:29 PM com.imagecompare.browser.system.Log put
INFO: com.imagecompare.browser.system.SQLiteConnector: Zwróconych wyników z bazy danych: 20
lis 06, 2017 2:06:29 PM com.imagecompare.browser.system.Log put
INFO: com.imagecompare.browser.system.SQLiteConnector: Odczyt z bazy danych C:/Users/Piotrek/IdeaProjects/images-compare-browser/mydb.db prawidłowy.
lis 06, 2017 2:06:37 PM com.imagecompare.browser.system.Log put
INFO: com.imagecompare.browser.gui.main.MainWindow: Zapis ustawień okna.
lis 06, 2017 2:06:37 PM com.imagecompare.browser.system.Log put
INFO: com.imagecompare.browser.system.ConfigFileHandler: Wpisanie do pliku konfiguracji ostatniej wielkości okna aplikacji: C:/Users/Piotrek/IdeaProjects/images-compare-browser/mydb.db
lis 06, 2017 2:06:37 PM com.imagecompare.browser.system.Log put
INFO: com.imagecompare.browser.gui.main.MainWindow: Zamykanie połączenia z bazą SQLite.
lis 06, 2017 2:06:37 PM com.imagecompare.browser.system.Log put
INFO: com.imagecompare.browser.gui.main.MainWindow: Zamykanie aplikacji.
lis 06, 2017 2:06:48 PM com.imagecompare.browser.system.Log put
INFO: Log (Logger): Uruchomienie aplikacji w trybie DEBUG. Logger załadowany.
lis 06, 2017 2:06:48 PM com.imagecompare.browser.system.Log put
INFO: com.imagecompare.browser.MainClass: Start aplikacji ImageCompareBrowser a.k.a. Admin Images.
lis 06, 2017 2:06:48 PM com.imagecompare.browser.system.Log put
INFO: com.imagecompare.browser.system.ConfigFileHandler: Plik konfiguracji - OK.
lis 06, 2017 2:06:48 PM com.imagecompare.browser.system.Log put
INFO: com.imagecompare.browser.gui.main.MainWindow: Created GUI on EDT? true
lis 06, 2017 2:06:48 PM com.imagecompare.browser.system.Log put
INFO: com.imagecompare.browser.gui.main.InitialDialog: Ostatnio wybierany plik bazy danych: C:/Users/Piotrek/IdeaProjects/images-compare-browser/mydb.db
lis 06, 2017 2:06:49 PM com.imagecompare.browser.system.Log put
INFO: com.imagecompare.browser.gui.main.InitialDialog: Załadowany plik bazy danych: C:/Users/Piotrek/IdeaProjects/images-compare-browser/mydb.db
lis 06, 2017 2:06:51 PM com.imagecompare.browser.system.Log put
INFO: com.imagecompare.browser.system.SQLiteConnector: Utworzono nowe połączenie z bazą danych.
lis 06, 2017 2:06:51 PM com.imagecompare.browser.system.Log put
INFO: com.imagecompare.browser.system.SQLiteConnector: Zwróconych wyników z bazy danych: 20
lis 06, 2017 2:06:51 PM com.imagecompare.browser.system.Log put
INFO: com.imagecompare.browser.system.SQLiteConnector: Odczyt z bazy danych C:/Users/Piotrek/IdeaProjects/images-compare-browser/mydb.db prawidłowy.
lis 06, 2017 2:06:51 PM com.imagecompare.browser.system.Log put
INFO: com.imagecompare.browser.system.SQLiteConnector: Zwróconych wyników z bazy danych: 20
lis 06, 2017 2:06:51 PM com.imagecompare.browser.system.Log put
INFO: com.imagecompare.browser.system.SQLiteConnector: Odczyt z bazy danych C:/Users/Piotrek/IdeaProjects/images-compare-browser/mydb.db prawidłowy.
lis 06, 2017 2:06:52 PM com.imagecompare.browser.system.Log put
INFO: com.imagecompare.browser.gui.main.MainWindow: Zapis ustawień okna.
lis 06, 2017 2:06:52 PM com.imagecompare.browser.system.Log put
INFO: com.imagecompare.browser.system.ConfigFileHandler: Wpisanie do pliku konfiguracji ostatniej wielkości okna aplikacji: C:/Users/Piotrek/IdeaProjects/images-compare-browser/mydb.db
lis 06, 2017 2:06:52 PM com.imagecompare.browser.system.Log put
INFO: com.imagecompare.browser.gui.main.MainWindow: Zamykanie połączenia z bazą SQLite.
lis 06, 2017 2:06:52 PM com.imagecompare.browser.system.Log put
INFO: com.imagecompare.browser.gui.main.MainWindow: Zamykanie aplikacji.
lis 06, 2017 2:07:04 PM com.imagecompare.browser.system.Log put
INFO: Log (Logger): Uruchomienie aplikacji w trybie DEBUG. Logger załadowany.
lis 06, 2017 2:07:04 PM com.imagecompare.browser.system.Log put
INFO: com.imagecompare.browser.MainClass: Start aplikacji ImageCompareBrowser a.k.a. Admin Images.
lis 06, 2017 2:07:04 PM com.imagecompare.browser.system.Log put
INFO: com.imagecompare.browser.system.ConfigFileHandler: Plik konfiguracji - OK.
lis 06, 2017 2:07:04 PM com.imagecompare.browser.system.Log put
INFO: com.imagecompare.browser.gui.main.MainWindow: Created GUI on EDT? true
lis 06, 2017 2:07:04 PM com.imagecompare.browser.system.Log put
INFO: com.imagecompare.browser.gui.main.InitialDialog: Ostatnio wybierany plik bazy danych: C:/Users/Piotrek/IdeaProjects/images-compare-browser/mydb.db
lis 06, 2017 2:07:05 PM com.imagecompare.browser.system.Log put
INFO: com.imagecompare.browser.gui.main.InitialDialog: Załadowany plik bazy danych: C:/Users/Piotrek/IdeaProjects/images-compare-browser/mydb.db
lis 06, 2017 2:07:06 PM com.imagecompare.browser.system.Log put
INFO: com.imagecompare.browser.system.SQLiteConnector: Utworzono nowe połączenie z bazą danych.
lis 06, 2017 2:07:06 PM com.imagecompare.browser.system.Log put
INFO: com.imagecompare.browser.system.SQLiteConnector: Zwróconych wyników z bazy danych: 20
lis 06, 2017 2:07:06 PM com.imagecompare.browser.system.Log put
INFO: com.imagecompare.browser.system.SQLiteConnector: Odczyt z bazy danych C:/Users/Piotrek/IdeaProjects/images-compare-browser/mydb.db prawidłowy.
lis 06, 2017 2:07:06 PM com.imagecompare.browser.system.Log put
INFO: com.imagecompare.browser.system.SQLiteConnector: Zwróconych wyników z bazy danych: 20
lis 06, 2017 2:07:06 PM com.imagecompare.browser.system.Log put
INFO: com.imagecompare.browser.system.SQLiteConnector: Odczyt z bazy danych C:/Users/Piotrek/IdeaProjects/images-compare-browser/mydb.db prawidłowy.
lis 06, 2017 2:07:11 PM com.imagecompare.browser.system.Log put
INFO: com.imagecompare.browser.gui.main.MainWindow: Zapis ustawień okna.
lis 06, 2017 2:07:11 PM com.imagecompare.browser.system.Log put
INFO: com.imagecompare.browser.system.ConfigFileHandler: Wpisanie do pliku konfiguracji ostatniej wielkości okna aplikacji: C:/Users/Piotrek/IdeaProjects/images-compare-browser/mydb.db
lis 06, 2017 2:07:11 PM com.imagecompare.browser.system.Log put
INFO: com.imagecompare.browser.gui.main.MainWindow: Zamykanie połączenia z bazą SQLite.
lis 06, 2017 2:07:11 PM com.imagecompare.browser.system.Log put
INFO: com.imagecompare.browser.gui.main.MainWindow: Zamykanie aplikacji.
lis 06, 2017 2:07:36 PM com.imagecompare.browser.system.Log put
INFO: Log (Logger): Uruchomienie aplikacji w trybie DEBUG. Logger załadowany.
lis 06, 2017 2:07:36 PM com.imagecompare.browser.system.Log put
INFO: com.imagecompare.browser.MainClass: Start aplikacji ImageCompareBrowser a.k.a. Admin Images.
lis 06, 2017 2:07:36 PM com.imagecompare.browser.system.Log put
INFO: com.imagecompare.browser.system.ConfigFileHandler: Plik konfiguracji - OK.
lis 06, 2017 2:07:36 PM com.imagecompare.browser.system.Log put
INFO: com.imagecompare.browser.gui.main.MainWindow: Created GUI on EDT? true
lis 06, 2017 2:07:36 PM com.imagecompare.browser.system.Log put
INFO: com.imagecompare.browser.gui.main.InitialDialog: Ostatnio wybierany plik bazy danych: C:/Users/Piotrek/IdeaProjects/images-compare-browser/mydb.db
lis 06, 2017 2:07:37 PM com.imagecompare.browser.system.Log put
INFO: com.imagecompare.browser.gui.main.InitialDialog: Załadowany plik bazy danych: C:/Users/Piotrek/IdeaProjects/images-compare-browser/mydb.db
lis 06, 2017 2:07:38 PM com.imagecompare.browser.system.Log put
INFO: com.imagecompare.browser.system.SQLiteConnector: Utworzono nowe połączenie z bazą danych.
lis 06, 2017 2:07:38 PM com.imagecompare.browser.system.Log put
INFO: com.imagecompare.browser.system.SQLiteConnector: Zwróconych wyników z bazy danych: 20
lis 06, 2017 2:07:38 PM com.imagecompare.browser.system.Log put
INFO: com.imagecompare.browser.system.SQLiteConnector: Odczyt z bazy danych C:/Users/Piotrek/IdeaProjects/images-compare-browser/mydb.db prawidłowy.
lis 06, 2017 2:07:38 PM com.imagecompare.browser.system.Log put
INFO: com.imagecompare.browser.system.SQLiteConnector: Zwróconych wyników z bazy danych: 20
lis 06, 2017 2:07:38 PM com.imagecompare.browser.system.Log put
INFO: com.imagecompare.browser.system.SQLiteConnector: Odczyt z bazy danych C:/Users/Piotrek/IdeaProjects/images-compare-browser/mydb.db prawidłowy.
lis 06, 2017 2:07:41 PM com.imagecompare.browser.system.Log put
INFO: com.imagecompare.browser.gui.main.MainWindow: Zapis ustawień okna.
lis 06, 2017 2:07:41 PM com.imagecompare.browser.system.Log put
INFO: com.imagecompare.browser.system.ConfigFileHandler: Wpisanie do pliku konfiguracji ostatniej wielkości okna aplikacji: C:/Users/Piotrek/IdeaProjects/images-compare-browser/mydb.db
lis 06, 2017 2:07:41 PM com.imagecompare.browser.system.Log put
INFO: com.imagecompare.browser.gui.main.MainWindow: Zamykanie połączenia z bazą SQLite.
lis 06, 2017 2:07:41 PM com.imagecompare.browser.system.Log put
INFO: com.imagecompare.browser.gui.main.MainWindow: Zamykanie aplikacji.
lis 06, 2017 2:09:09 PM com.imagecompare.browser.system.Log put
INFO: Log (Logger): Uruchomienie aplikacji w trybie DEBUG. Logger załadowany.
lis 06, 2017 2:09:10 PM com.imagecompare.browser.system.Log put
INFO: com.imagecompare.browser.MainClass: Start aplikacji ImageCompareBrowser a.k.a. Admin Images.
lis 06, 2017 2:09:10 PM com.imagecompare.browser.system.Log put
INFO: com.imagecompare.browser.system.ConfigFileHandler: Plik konfiguracji - OK.
lis 06, 2017 2:09:10 PM com.imagecompare.browser.system.Log put
INFO: com.imagecompare.browser.gui.main.MainWindow: Created GUI on EDT? true
lis 06, 2017 2:09:10 PM com.imagecompare.browser.system.Log put
INFO: com.imagecompare.browser.gui.main.InitialDialog: Ostatnio wybierany plik bazy danych: C:/Users/Piotrek/IdeaProjects/images-compare-browser/mydb.db
lis 06, 2017 2:09:11 PM com.imagecompare.browser.system.Log put
INFO: com.imagecompare.browser.gui.main.InitialDialog: Załadowany plik bazy danych: C:/Users/Piotrek/IdeaProjects/images-compare-browser/mydb.db
lis 06, 2017 2:09:12 PM com.imagecompare.browser.system.Log put
INFO: com.imagecompare.browser.system.SQLiteConnector: Utworzono nowe połączenie z bazą danych.
lis 06, 2017 2:09:12 PM com.imagecompare.browser.system.Log put
INFO: com.imagecompare.browser.system.SQLiteConnector: Zwróconych wyników z bazy danych: 20
lis 06, 2017 2:09:12 PM com.imagecompare.browser.system.Log put
INFO: com.imagecompare.browser.system.SQLiteConnector: Odczyt z bazy danych C:/Users/Piotrek/IdeaProjects/images-compare-browser/mydb.db prawidłowy.
lis 06, 2017 2:09:12 PM com.imagecompare.browser.system.Log put
INFO: com.imagecompare.browser.system.SQLiteConnector: Zwróconych wyników z bazy danych: 20
lis 06, 2017 2:09:12 PM com.imagecompare.browser.system.Log put
INFO: com.imagecompare.browser.system.SQLiteConnector: Odczyt z bazy danych C:/Users/Piotrek/IdeaProjects/images-compare-browser/mydb.db prawidłowy.
lis 06, 2017 2:09:20 PM com.imagecompare.browser.system.Log put
INFO: com.imagecompare.browser.gui.main.MainWindow: Zapis ustawień okna.
lis 06, 2017 2:09:20 PM com.imagecompare.browser.system.Log put
INFO: com.imagecompare.browser.system.ConfigFileHandler: Wpisanie do pliku konfiguracji ostatniej wielkości okna aplikacji: C:/Users/Piotrek/IdeaProjects/images-compare-browser/mydb.db
lis 06, 2017 2:09:20 PM com.imagecompare.browser.system.Log put
INFO: com.imagecompare.browser.gui.main.MainWindow: Zamykanie połączenia z bazą SQLite.
lis 06, 2017 2:09:20 PM com.imagecompare.browser.system.Log put
INFO: com.imagecompare.browser.gui.main.MainWindow: Zamykanie aplikacji.
lis 06, 2017 2:09:33 PM com.imagecompare.browser.system.Log put
INFO: Log (Logger): Uruchomienie aplikacji w trybie DEBUG. Logger załadowany.
lis 06, 2017 2:09:33 PM com.imagecompare.browser.system.Log put
INFO: com.imagecompare.browser.MainClass: Start aplikacji ImageCompareBrowser a.k.a. Admin Images.
lis 06, 2017 2:09:33 PM com.imagecompare.browser.system.Log put
INFO: com.imagecompare.browser.system.ConfigFileHandler: Plik konfiguracji - OK.
lis 06, 2017 2:09:34 PM com.imagecompare.browser.system.Log put
INFO: com.imagecompare.browser.gui.main.MainWindow: Created GUI on EDT? true
lis 06, 2017 2:09:34 PM com.imagecompare.browser.system.Log put
INFO: com.imagecompare.browser.gui.main.InitialDialog: Ostatnio wybierany plik bazy danych: C:/Users/Piotrek/IdeaProjects/images-compare-browser/mydb.db
lis 06, 2017 2:09:35 PM com.imagecompare.browser.system.Log put
INFO: com.imagecompare.browser.gui.main.InitialDialog: Załadowany plik bazy danych: C:/Users/Piotrek/IdeaProjects/images-compare-browser/mydb.db
lis 06, 2017 2:09:36 PM com.imagecompare.browser.system.Log put
INFO: com.imagecompare.browser.system.SQLiteConnector: Utworzono nowe połączenie z bazą danych.
lis 06, 2017 2:09:36 PM com.imagecompare.browser.system.Log put
INFO: com.imagecompare.browser.system.SQLiteConnector: Zwróconych wyników z bazy danych: 20
lis 06, 2017 2:09:36 PM com.imagecompare.browser.system.Log put
INFO: com.imagecompare.browser.system.SQLiteConnector: Odczyt z bazy danych C:/Users/Piotrek/IdeaProjects/images-compare-browser/mydb.db prawidłowy.
lis 06, 2017 2:09:36 PM com.imagecompare.browser.system.Log put
INFO: com.imagecompare.browser.system.SQLiteConnector: Zwróconych wyników z bazy danych: 20
lis 06, 2017 2:09:36 PM com.imagecompare.browser.system.Log put
INFO: com.imagecompare.browser.system.SQLiteConnector: Odczyt z bazy danych C:/Users/Piotrek/IdeaProjects/images-compare-browser/mydb.db prawidłowy.
lis 06, 2017 2:09:55 PM com.imagecompare.browser.system.Log put
INFO: com.imagecompare.browser.gui.main.MainWindow: Zapis ustawień okna.
lis 06, 2017 2:09:55 PM com.imagecompare.browser.system.Log put
INFO: com.imagecompare.browser.system.ConfigFileHandler: Wpisanie do pliku konfiguracji ostatniej wielkości okna aplikacji: C:/Users/Piotrek/IdeaProjects/images-compare-browser/mydb.db
lis 06, 2017 2:09:55 PM com.imagecompare.browser.system.Log put
INFO: com.imagecompare.browser.gui.main.MainWindow: Zamykanie połączenia z bazą SQLite.
lis 06, 2017 2:09:55 PM com.imagecompare.browser.system.Log put
INFO: com.imagecompare.browser.gui.main.MainWindow: Zamykanie aplikacji.
lis 06, 2017 2:10:03 PM com.imagecompare.browser.system.Log put
INFO: Log (Logger): Uruchomienie aplikacji w trybie DEBUG. Logger załadowany.
lis 06, 2017 2:10:03 PM com.imagecompare.browser.system.Log put
INFO: com.imagecompare.browser.MainClass: Start aplikacji ImageCompareBrowser a.k.a. Admin Images.
lis 06, 2017 2:10:03 PM com.imagecompare.browser.system.Log put
INFO: com.imagecompare.browser.system.ConfigFileHandler: Plik konfiguracji - OK.
lis 06, 2017 2:10:03 PM com.imagecompare.browser.system.Log put
INFO: com.imagecompare.browser.gui.main.MainWindow: Created GUI on EDT? true
lis 06, 2017 2:10:03 PM com.imagecompare.browser.system.Log put
INFO: com.imagecompare.browser.gui.main.InitialDialog: Ostatnio wybierany plik bazy danych: C:/Users/Piotrek/IdeaProjects/images-compare-browser/mydb.db
lis 06, 2017 2:10:04 PM com.imagecompare.browser.system.Log put
INFO: com.imagecompare.browser.gui.main.InitialDialog: Załadowany plik bazy danych: C:/Users/Piotrek/IdeaProjects/images-compare-browser/mydb.db
lis 06, 2017 2:10:06 PM com.imagecompare.browser.system.Log put
INFO: com.imagecompare.browser.system.SQLiteConnector: Utworzono nowe połączenie z bazą danych.
lis 06, 2017 2:10:06 PM com.imagecompare.browser.system.Log put
INFO: com.imagecompare.browser.system.SQLiteConnector: Zwróconych wyników z bazy danych: 20
lis 06, 2017 2:10:06 PM com.imagecompare.browser.system.Log put
INFO: com.imagecompare.browser.system.SQLiteConnector: Odczyt z bazy danych C:/Users/Piotrek/IdeaProjects/images-compare-browser/mydb.db prawidłowy.
lis 06, 2017 2:10:06 PM com.imagecompare.browser.system.Log put
INFO: com.imagecompare.browser.system.SQLiteConnector: Zwróconych wyników z bazy danych: 20
lis 06, 2017 2:10:06 PM com.imagecompare.browser.system.Log put
INFO: com.imagecompare.browser.system.SQLiteConnector: Odczyt z bazy danych C:/Users/Piotrek/IdeaProjects/images-compare-browser/mydb.db prawidłowy.
lis 06, 2017 2:10:10 PM com.imagecompare.browser.system.Log put
INFO: com.imagecompare.browser.gui.main.MainWindow: Zapis ustawień okna.
lis 06, 2017 2:10:10 PM com.imagecompare.browser.system.Log put
INFO: com.imagecompare.browser.system.ConfigFileHandler: Wpisanie do pliku konfiguracji ostatniej wielkości okna aplikacji: C:/Users/Piotrek/IdeaProjects/images-compare-browser/mydb.db
lis 06, 2017 2:10:10 PM com.imagecompare.browser.system.Log put
INFO: com.imagecompare.browser.gui.main.MainWindow: Zamykanie połączenia z bazą SQLite.
lis 06, 2017 2:10:10 PM com.imagecompare.browser.system.Log put
INFO: com.imagecompare.browser.gui.main.MainWindow: Zamykanie aplikacji.
lis 06, 2017 2:10:20 PM com.imagecompare.browser.system.Log put
INFO: Log (Logger): Uruchomienie aplikacji w trybie DEBUG. Logger załadowany.
lis 06, 2017 2:10:20 PM com.imagecompare.browser.system.Log put
INFO: com.imagecompare.browser.MainClass: Start aplikacji ImageCompareBrowser a.k.a. Admin Images.
lis 06, 2017 2:10:20 PM com.imagecompare.browser.system.Log put
INFO: com.imagecompare.browser.system.ConfigFileHandler: Plik konfiguracji - OK.
lis 06, 2017 2:10:20 PM com.imagecompare.browser.system.Log put
INFO: com.imagecompare.browser.gui.main.MainWindow: Created GUI on EDT? true
lis 06, 2017 2:10:20 PM com.imagecompare.browser.system.Log put
INFO: com.imagecompare.browser.gui.main.InitialDialog: Ostatnio wybierany plik bazy danych: C:/Users/Piotrek/IdeaProjects/images-compare-browser/mydb.db
lis 06, 2017 2:10:43 PM com.imagecompare.browser.system.Log put
INFO: com.imagecompare.browser.gui.main.InitialDialog: Załadowany plik bazy danych: C:/Users/Piotrek/IdeaProjects/images-compare-browser/mydb.db
lis 06, 2017 2:10:44 PM com.imagecompare.browser.system.Log put
INFO: com.imagecompare.browser.system.SQLiteConnector: Utworzono nowe połączenie z bazą danych.
lis 06, 2017 2:10:44 PM com.imagecompare.browser.system.Log put
INFO: com.imagecompare.browser.system.SQLiteConnector: Zwróconych wyników z bazy danych: 20
lis 06, 2017 2:10:44 PM com.imagecompare.browser.system.Log put
INFO: com.imagecompare.browser.system.SQLiteConnector: Odczyt z bazy danych C:/Users/Piotrek/IdeaProjects/images-compare-browser/mydb.db prawidłowy.
lis 06, 2017 2:10:44 PM com.imagecompare.browser.system.Log put
INFO: com.imagecompare.browser.system.SQLiteConnector: Zwróconych wyników z bazy danych: 20
lis 06, 2017 2:10:44 PM com.imagecompare.browser.system.Log put
INFO: com.imagecompare.browser.system.SQLiteConnector: Odczyt z bazy danych C:/Users/Piotrek/IdeaProjects/images-compare-browser/mydb.db prawidłowy.
lis 06, 2017 2:12:05 PM com.imagecompare.browser.system.Log put
INFO: com.imagecompare.browser.gui.main.MainWindow: Zapis ustawień okna.
lis 06, 2017 2:12:05 PM com.imagecompare.browser.system.Log put
INFO: com.imagecompare.browser.system.ConfigFileHandler: Wpisanie do pliku konfiguracji ostatniej wielkości okna aplikacji: C:/Users/Piotrek/IdeaProjects/images-compare-browser/mydb.db
lis 06, 2017 2:12:05 PM com.imagecompare.browser.system.Log put
INFO: com.imagecompare.browser.gui.main.MainWindow: Zamykanie połączenia z bazą SQLite.
lis 06, 2017 2:12:05 PM com.imagecompare.browser.system.Log put
INFO: com.imagecompare.browser.gui.main.MainWindow: Zamykanie aplikacji.
lis 06, 2017 2:12:32 PM com.imagecompare.browser.system.Log put
INFO: Log (Logger): Uruchomienie aplikacji w trybie DEBUG. Logger załadowany.
lis 06, 2017 2:12:32 PM com.imagecompare.browser.system.Log put
INFO: com.imagecompare.browser.MainClass: Start aplikacji ImageCompareBrowser a.k.a. Admin Images.
lis 06, 2017 2:12:32 PM com.imagecompare.browser.system.Log put
INFO: com.imagecompare.browser.system.ConfigFileHandler: Plik konfiguracji - OK.
lis 06, 2017 2:12:32 PM com.imagecompare.browser.system.Log put
INFO: com.imagecompare.browser.gui.main.MainWindow: Created GUI on EDT? true
lis 06, 2017 2:12:32 PM com.imagecompare.browser.system.Log put
INFO: com.imagecompare.browser.gui.main.InitialDialog: Ostatnio wybierany plik bazy danych: C:/Users/Piotrek/IdeaProjects/images-compare-browser/mydb.db
lis 06, 2017 2:12:33 PM com.imagecompare.browser.system.Log put
INFO: com.imagecompare.browser.gui.main.InitialDialog: Załadowany plik bazy danych: C:/Users/Piotrek/IdeaProjects/images-compare-browser/mydb.db
lis 06, 2017 2:12:34 PM com.imagecompare.browser.system.Log put
INFO: com.imagecompare.browser.system.SQLiteConnector: Utworzono nowe połączenie z bazą danych.
lis 06, 2017 2:12:34 PM com.imagecompare.browser.system.Log put
INFO: com.imagecompare.browser.system.SQLiteConnector: Zwróconych wyników z bazy danych: 20
lis 06, 2017 2:12:34 PM com.imagecompare.browser.system.Log put
INFO: com.imagecompare.browser.system.SQLiteConnector: Odczyt z bazy danych C:/Users/Piotrek/IdeaProjects/images-compare-browser/mydb.db prawidłowy.
lis 06, 2017 2:12:34 PM com.imagecompare.browser.system.Log put
INFO: com.imagecompare.browser.system.SQLiteConnector: Zwróconych wyników z bazy danych: 20
lis 06, 2017 2:12:34 PM com.imagecompare.browser.system.Log put
INFO: com.imagecompare.browser.system.SQLiteConnector: Odczyt z bazy danych C:/Users/Piotrek/IdeaProjects/images-compare-browser/mydb.db prawidłowy.
lis 06, 2017 2:12:41 PM com.imagecompare.browser.system.Log put
INFO: com.imagecompare.browser.gui.main.MainWindow: Zapis ustawień okna.
lis 06, 2017 2:12:41 PM com.imagecompare.browser.system.Log put
INFO: com.imagecompare.browser.system.ConfigFileHandler: Wpisanie do pliku konfiguracji ostatniej wielkości okna aplikacji: C:/Users/Piotrek/IdeaProjects/images-compare-browser/mydb.db
lis 06, 2017 2:12:41 PM com.imagecompare.browser.system.Log put
INFO: com.imagecompare.browser.gui.main.MainWindow: Zamykanie połączenia z bazą SQLite.
lis 06, 2017 2:12:41 PM com.imagecompare.browser.system.Log put
INFO: com.imagecompare.browser.gui.main.MainWindow: Zamykanie aplikacji.
lis 06, 2017 2:14:44 PM com.imagecompare.browser.system.Log put
INFO: Log (Logger): Uruchomienie aplikacji w trybie DEBUG. Logger załadowany.
lis 06, 2017 2:14:44 PM com.imagecompare.browser.system.Log put
INFO: com.imagecompare.browser.MainClass: Start aplikacji ImageCompareBrowser a.k.a. Admin Images.
lis 06, 2017 2:14:44 PM com.imagecompare.browser.system.Log put
INFO: com.imagecompare.browser.system.ConfigFileHandler: Plik konfiguracji - OK.
lis 06, 2017 2:14:44 PM com.imagecompare.browser.system.Log put
INFO: com.imagecompare.browser.gui.main.MainWindow: Created GUI on EDT? true
lis 06, 2017 2:14:44 PM com.imagecompare.browser.system.Log put
INFO: com.imagecompare.browser.gui.main.InitialDialog: Ostatnio wybierany plik bazy danych: C:/Users/Piotrek/IdeaProjects/images-compare-browser/mydb.db
lis 06, 2017 2:14:45 PM com.imagecompare.browser.system.Log put
INFO: com.imagecompare.browser.gui.main.InitialDialog: Załadowany plik bazy danych: C:/Users/Piotrek/IdeaProjects/images-compare-browser/mydb.db
lis 06, 2017 2:14:46 PM com.imagecompare.browser.system.Log put
INFO: com.imagecompare.browser.system.SQLiteConnector: Utworzono nowe połączenie z bazą danych.
lis 06, 2017 2:14:46 PM com.imagecompare.browser.system.Log put
INFO: com.imagecompare.browser.system.SQLiteConnector: Zwróconych wyników z bazy danych: 20
lis 06, 2017 2:14:46 PM com.imagecompare.browser.system.Log put
INFO: com.imagecompare.browser.system.SQLiteConnector: Odczyt z bazy danych C:/Users/Piotrek/IdeaProjects/images-compare-browser/mydb.db prawidłowy.
lis 06, 2017 2:14:46 PM com.imagecompare.browser.system.Log put
INFO: com.imagecompare.browser.system.SQLiteConnector: Zwróconych wyników z bazy danych: 20
lis 06, 2017 2:14:46 PM com.imagecompare.browser.system.Log put
INFO: com.imagecompare.browser.system.SQLiteConnector: Odczyt z bazy danych C:/Users/Piotrek/IdeaProjects/images-compare-browser/mydb.db prawidłowy.
lis 06, 2017 2:14:51 PM com.imagecompare.browser.system.Log put
INFO: com.imagecompare.browser.gui.main.MainWindow: Zapis ustawień okna.
lis 06, 2017 2:14:51 PM com.imagecompare.browser.system.Log put
INFO: com.imagecompare.browser.system.ConfigFileHandler: Wpisanie do pliku konfiguracji ostatniej wielkości okna aplikacji: C:/Users/Piotrek/IdeaProjects/images-compare-browser/mydb.db
lis 06, 2017 2:14:51 PM com.imagecompare.browser.system.Log put
INFO: com.imagecompare.browser.gui.main.MainWindow: Zamykanie połączenia z bazą SQLite.
lis 06, 2017 2:14:51 PM com.imagecompare.browser.system.Log put
INFO: com.imagecompare.browser.gui.main.MainWindow: Zamykanie aplikacji.
lis 06, 2017 2:15:29 PM com.imagecompare.browser.system.Log put
INFO: Log (Logger): Uruchomienie aplikacji w trybie DEBUG. Logger załadowany.
lis 06, 2017 2:15:29 PM com.imagecompare.browser.system.Log put
INFO: com.imagecompare.browser.MainClass: Start aplikacji ImageCompareBrowser a.k.a. Admin Images.
lis 06, 2017 2:15:29 PM com.imagecompare.browser.system.Log put
INFO: com.imagecompare.browser.system.ConfigFileHandler: Plik konfiguracji - OK.
lis 06, 2017 2:15:30 PM com.imagecompare.browser.system.Log put
INFO: com.imagecompare.browser.gui.main.MainWindow: Created GUI on EDT? true
lis 06, 2017 2:15:30 PM com.imagecompare.browser.system.Log put
INFO: com.imagecompare.browser.gui.main.InitialDialog: Ostatnio wybierany plik bazy danych: C:/Users/Piotrek/IdeaProjects/images-compare-browser/mydb.db
lis 06, 2017 2:15:31 PM com.imagecompare.browser.system.Log put
INFO: com.imagecompare.browser.gui.main.InitialDialog: Załadowany plik bazy danych: C:/Users/Piotrek/IdeaProjects/images-compare-browser/mydb.db
lis 06, 2017 2:15:32 PM com.imagecompare.browser.system.Log put
INFO: com.imagecompare.browser.system.SQLiteConnector: Utworzono nowe połączenie z bazą danych.
lis 06, 2017 2:15:32 PM com.imagecompare.browser.system.Log put
INFO: com.imagecompare.browser.system.SQLiteConnector: Zwróconych wyników z bazy danych: 20
lis 06, 2017 2:15:32 PM com.imagecompare.browser.system.Log put
INFO: com.imagecompare.browser.system.SQLiteConnector: Odczyt z bazy danych C:/Users/Piotrek/IdeaProjects/images-compare-browser/mydb.db prawidłowy.
lis 06, 2017 2:15:32 PM com.imagecompare.browser.system.Log put
INFO: com.imagecompare.browser.system.SQLiteConnector: Zwróconych wyników z bazy danych: 20
lis 06, 2017 2:15:32 PM com.imagecompare.browser.system.Log put
INFO: com.imagecompare.browser.system.SQLiteConnector: Odczyt z bazy danych C:/Users/Piotrek/IdeaProjects/images-compare-browser/mydb.db prawidłowy.
lis 06, 2017 2:15:34 PM com.imagecompare.browser.system.Log put
INFO: com.imagecompare.browser.gui.main.MainWindow: Zapis ustawień okna.
lis 06, 2017 2:15:34 PM com.imagecompare.browser.system.Log put
INFO: com.imagecompare.browser.system.ConfigFileHandler: Wpisanie do pliku konfiguracji ostatniej wielkości okna aplikacji: C:/Users/Piotrek/IdeaProjects/images-compare-browser/mydb.db
lis 06, 2017 2:15:34 PM com.imagecompare.browser.system.Log put
INFO: com.imagecompare.browser.gui.main.MainWindow: Zamykanie połączenia z bazą SQLite.
lis 06, 2017 2:15:34 PM com.imagecompare.browser.system.Log put
INFO: com.imagecompare.browser.gui.main.MainWindow: Zamykanie aplikacji.
lis 06, 2017 2:15:54 PM com.imagecompare.browser.system.Log put
INFO: Log (Logger): Uruchomienie aplikacji w trybie DEBUG. Logger załadowany.
lis 06, 2017 2:15:54 PM com.imagecompare.browser.system.Log put
INFO: com.imagecompare.browser.MainClass: Start aplikacji ImageCompareBrowser a.k.a. Admin Images.
lis 06, 2017 2:15:54 PM com.imagecompare.browser.system.Log put
INFO: com.imagecompare.browser.system.ConfigFileHandler: Plik konfiguracji - OK.
lis 06, 2017 2:15:54 PM com.imagecompare.browser.system.Log put
INFO: com.imagecompare.browser.gui.main.MainWindow: Created GUI on EDT? true
lis 06, 2017 2:15:54 PM com.imagecompare.browser.system.Log put
INFO: com.imagecompare.browser.gui.main.InitialDialog: Ostatnio wybierany plik bazy danych: C:/Users/Piotrek/IdeaProjects/images-compare-browser/mydb.db
lis 06, 2017 2:15:55 PM com.imagecompare.browser.system.Log put
INFO: com.imagecompare.browser.gui.main.InitialDialog: Załadowany plik bazy danych: C:/Users/Piotrek/IdeaProjects/images-compare-browser/mydb.db
lis 06, 2017 2:15:56 PM com.imagecompare.browser.system.Log put
INFO: com.imagecompare.browser.system.SQLiteConnector: Utworzono nowe połączenie z bazą danych.
lis 06, 2017 2:15:56 PM com.imagecompare.browser.system.Log put
INFO: com.imagecompare.browser.system.SQLiteConnector: Zwróconych wyników z bazy danych: 20
lis 06, 2017 2:15:56 PM com.imagecompare.browser.system.Log put
INFO: com.imagecompare.browser.system.SQLiteConnector: Odczyt z bazy danych C:/Users/Piotrek/IdeaProjects/images-compare-browser/mydb.db prawidłowy.
lis 06, 2017 2:15:56 PM com.imagecompare.browser.system.Log put
INFO: com.imagecompare.browser.system.SQLiteConnector: Zwróconych wyników z bazy danych: 20
lis 06, 2017 2:15:56 PM com.imagecompare.browser.system.Log put
INFO: com.imagecompare.browser.system.SQLiteConnector: Odczyt z bazy danych C:/Users/Piotrek/IdeaProjects/images-compare-browser/mydb.db prawidłowy.
lis 06, 2017 2:16:08 PM com.imagecompare.browser.system.Log put
INFO: com.imagecompare.browser.gui.main.MainWindow: Zapis ustawień okna.
lis 06, 2017 2:16:08 PM com.imagecompare.browser.system.Log put
INFO: com.imagecompare.browser.system.ConfigFileHandler: Wpisanie do pliku konfiguracji ostatniej wielkości okna aplikacji: C:/Users/Piotrek/IdeaProjects/images-compare-browser/mydb.db
lis 06, 2017 2:16:08 PM com.imagecompare.browser.system.Log put
INFO: com.imagecompare.browser.gui.main.MainWindow: Zamykanie połączenia z bazą SQLite.
lis 06, 2017 2:16:08 PM com.imagecompare.browser.system.Log put
INFO: com.imagecompare.browser.gui.main.MainWindow: Zamykanie aplikacji.
lis 06, 2017 2:16:39 PM com.imagecompare.browser.system.Log put
INFO: Log (Logger): Uruchomienie aplikacji w trybie DEBUG. Logger załadowany.
lis 06, 2017 2:16:39 PM com.imagecompare.browser.system.Log put
INFO: com.imagecompare.browser.MainClass: Start aplikacji ImageCompareBrowser a.k.a. Admin Images.
lis 06, 2017 2:16:39 PM com.imagecompare.browser.system.Log put
INFO: com.imagecompare.browser.system.ConfigFileHandler: Plik konfiguracji - OK.
lis 06, 2017 2:16:40 PM com.imagecompare.browser.system.Log put
INFO: com.imagecompare.browser.gui.main.MainWindow: Created GUI on EDT? true
lis 06, 2017 2:16:40 PM com.imagecompare.browser.system.Log put
INFO: com.imagecompare.browser.gui.main.InitialDialog: Ostatnio wybierany plik bazy danych: C:/Users/Piotrek/IdeaProjects/images-compare-browser/mydb.db
lis 06, 2017 2:16:40 PM com.imagecompare.browser.system.Log put
INFO: com.imagecompare.browser.gui.main.InitialDialog: Załadowany plik bazy danych: C:/Users/Piotrek/IdeaProjects/images-compare-browser/mydb.db
lis 06, 2017 2:16:42 PM com.imagecompare.browser.system.Log put
INFO: com.imagecompare.browser.system.SQLiteConnector: Utworzono nowe połączenie z bazą danych.
lis 06, 2017 2:16:42 PM com.imagecompare.browser.system.Log put
INFO: com.imagecompare.browser.system.SQLiteConnector: Zwróconych wyników z bazy danych: 20
lis 06, 2017 2:16:42 PM com.imagecompare.browser.system.Log put
INFO: com.imagecompare.browser.system.SQLiteConnector: Odczyt z bazy danych C:/Users/Piotrek/IdeaProjects/images-compare-browser/mydb.db prawidłowy.
lis 06, 2017 2:16:42 PM com.imagecompare.browser.system.Log put
INFO: com.imagecompare.browser.system.SQLiteConnector: Zwróconych wyników z bazy danych: 20
lis 06, 2017 2:16:42 PM com.imagecompare.browser.system.Log put
INFO: com.imagecompare.browser.system.SQLiteConnector: Odczyt z bazy danych C:/Users/Piotrek/IdeaProjects/images-compare-browser/mydb.db prawidłowy.
lis 06, 2017 2:16:44 PM com.imagecompare.browser.system.Log put
INFO: com.imagecompare.browser.gui.main.MainWindow: Zapis ustawień okna.
lis 06, 2017 2:16:44 PM com.imagecompare.browser.system.Log put
INFO: com.imagecompare.browser.system.ConfigFileHandler: Wpisanie do pliku konfiguracji ostatniej wielkości okna aplikacji: C:/Users/Piotrek/IdeaProjects/images-compare-browser/mydb.db
lis 06, 2017 2:16:44 PM com.imagecompare.browser.system.Log put
INFO: com.imagecompare.browser.gui.main.MainWindow: Zamykanie połączenia z bazą SQLite.
lis 06, 2017 2:16:44 PM com.imagecompare.browser.system.Log put
INFO: com.imagecompare.browser.gui.main.MainWindow: Zamykanie aplikacji.
lis 06, 2017 2:16:55 PM com.imagecompare.browser.system.Log put
INFO: Log (Logger): Uruchomienie aplikacji w trybie DEBUG. Logger załadowany.
lis 06, 2017 2:16:56 PM com.imagecompare.browser.system.Log put
INFO: com.imagecompare.browser.MainClass: Start aplikacji ImageCompareBrowser a.k.a. Admin Images.
lis 06, 2017 2:16:56 PM com.imagecompare.browser.system.Log put
INFO: com.imagecompare.browser.system.ConfigFileHandler: Plik konfiguracji - OK.
lis 06, 2017 2:16:56 PM com.imagecompare.browser.system.Log put
INFO: com.imagecompare.browser.gui.main.MainWindow: Created GUI on EDT? true
lis 06, 2017 2:16:56 PM com.imagecompare.browser.system.Log put
INFO: com.imagecompare.browser.gui.main.InitialDialog: Ostatnio wybierany plik bazy danych: C:/Users/Piotrek/IdeaProjects/images-compare-browser/mydb.db
lis 06, 2017 2:16:56 PM com.imagecompare.browser.system.Log put
INFO: com.imagecompare.browser.gui.main.InitialDialog: Załadowany plik bazy danych: C:/Users/Piotrek/IdeaProjects/images-compare-browser/mydb.db
lis 06, 2017 2:16:58 PM com.imagecompare.browser.system.Log put
INFO: com.imagecompare.browser.system.SQLiteConnector: Utworzono nowe połączenie z bazą danych.
lis 06, 2017 2:16:58 PM com.imagecompare.browser.system.Log put
INFO: com.imagecompare.browser.system.SQLiteConnector: Zwróconych wyników z bazy danych: 20
lis 06, 2017 2:16:58 PM com.imagecompare.browser.system.Log put
INFO: com.imagecompare.browser.system.SQLiteConnector: Odczyt z bazy danych C:/Users/Piotrek/IdeaProjects/images-compare-browser/mydb.db prawidłowy.
lis 06, 2017 2:16:58 PM com.imagecompare.browser.system.Log put
INFO: com.imagecompare.browser.system.SQLiteConnector: Zwróconych wyników z bazy danych: 20
lis 06, 2017 2:16:58 PM com.imagecompare.browser.system.Log put
INFO: com.imagecompare.browser.system.SQLiteConnector: Odczyt z bazy danych C:/Users/Piotrek/IdeaProjects/images-compare-browser/mydb.db prawidłowy.
lis 06, 2017 2:17:00 PM com.imagecompare.browser.system.Log put
INFO: com.imagecompare.browser.gui.main.MainWindow: Zapis ustawień okna.
lis 06, 2017 2:17:00 PM com.imagecompare.browser.system.Log put
INFO: com.imagecompare.browser.system.ConfigFileHandler: Wpisanie do pliku konfiguracji ostatniej wielkości okna aplikacji: C:/Users/Piotrek/IdeaProjects/images-compare-browser/mydb.db
lis 06, 2017 2:17:00 PM com.imagecompare.browser.system.Log put
INFO: com.imagecompare.browser.gui.main.MainWindow: Zamykanie połączenia z bazą SQLite.
lis 06, 2017 2:17:00 PM com.imagecompare.browser.system.Log put
INFO: com.imagecompare.browser.gui.main.MainWindow: Zamykanie aplikacji.
lis 06, 2017 2:17:22 PM com.imagecompare.browser.system.Log put
INFO: Log (Logger): Uruchomienie aplikacji w trybie DEBUG. Logger załadowany.
lis 06, 2017 2:17:22 PM com.imagecompare.browser.system.Log put
INFO: com.imagecompare.browser.MainClass: Start aplikacji ImageCompareBrowser a.k.a. Admin Images.
lis 06, 2017 2:17:22 PM com.imagecompare.browser.system.Log put
INFO: com.imagecompare.browser.system.ConfigFileHandler: Plik konfiguracji - OK.
lis 06, 2017 2:17:23 PM com.imagecompare.browser.system.Log put
INFO: com.imagecompare.browser.gui.main.MainWindow: Created GUI on EDT? true
lis 06, 2017 2:17:23 PM com.imagecompare.browser.system.Log put
INFO: com.imagecompare.browser.gui.main.InitialDialog: Ostatnio wybierany plik bazy danych: C:/Users/Piotrek/IdeaProjects/images-compare-browser/mydb.db
lis 06, 2017 2:17:23 PM com.imagecompare.browser.system.Log put
INFO: com.imagecompare.browser.gui.main.InitialDialog: Załadowany plik bazy danych: C:/Users/Piotrek/IdeaProjects/images-compare-browser/mydb.db
lis 06, 2017 2:17:25 PM com.imagecompare.browser.system.Log put
INFO: com.imagecompare.browser.system.SQLiteConnector: Utworzono nowe połączenie z bazą danych.
lis 06, 2017 2:17:25 PM com.imagecompare.browser.system.Log put
INFO: com.imagecompare.browser.system.SQLiteConnector: Zwróconych wyników z bazy danych: 20
lis 06, 2017 2:17:25 PM com.imagecompare.browser.system.Log put
INFO: com.imagecompare.browser.system.SQLiteConnector: Odczyt z bazy danych C:/Users/Piotrek/IdeaProjects/images-compare-browser/mydb.db prawidłowy.
lis 06, 2017 2:17:25 PM com.imagecompare.browser.system.Log put
INFO: com.imagecompare.browser.system.SQLiteConnector: Zwróconych wyników z bazy danych: 20
lis 06, 2017 2:17:25 PM com.imagecompare.browser.system.Log put
INFO: com.imagecompare.browser.system.SQLiteConnector: Odczyt z bazy danych C:/Users/Piotrek/IdeaProjects/images-compare-browser/mydb.db prawidłowy.
lis 06, 2017 2:17:27 PM com.imagecompare.browser.system.Log put
INFO: com.imagecompare.browser.gui.main.MainWindow: Zapis ustawień okna.
lis 06, 2017 2:17:27 PM com.imagecompare.browser.system.Log put
INFO: com.imagecompare.browser.system.ConfigFileHandler: Wpisanie do pliku konfiguracji ostatniej wielkości okna aplikacji: C:/Users/Piotrek/IdeaProjects/images-compare-browser/mydb.db
lis 06, 2017 2:17:27 PM com.imagecompare.browser.system.Log put
INFO: com.imagecompare.browser.gui.main.MainWindow: Zamykanie połączenia z bazą SQLite.
lis 06, 2017 2:17:27 PM com.imagecompare.browser.system.Log put
INFO: com.imagecompare.browser.gui.main.MainWindow: Zamykanie aplikacji.
lis 06, 2017 2:17:55 PM com.imagecompare.browser.system.Log put
INFO: Log (Logger): Uruchomienie aplikacji w trybie DEBUG. Logger załadowany.
lis 06, 2017 2:17:55 PM com.imagecompare.browser.system.Log put
INFO: com.imagecompare.browser.MainClass: Start aplikacji ImageCompareBrowser a.k.a. Admin Images.
lis 06, 2017 2:17:55 PM com.imagecompare.browser.system.Log put
INFO: com.imagecompare.browser.system.ConfigFileHandler: Plik konfiguracji - OK.
lis 06, 2017 2:17:55 PM com.imagecompare.browser.system.Log put
INFO: com.imagecompare.browser.gui.main.MainWindow: Created GUI on EDT? true
lis 06, 2017 2:17:55 PM com.imagecompare.browser.system.Log put
INFO: com.imagecompare.browser.gui.main.InitialDialog: Ostatnio wybierany plik bazy danych: C:/Users/Piotrek/IdeaProjects/images-compare-browser/mydb.db
lis 06, 2017 2:17:56 PM com.imagecompare.browser.system.Log put
INFO: com.imagecompare.browser.gui.main.InitialDialog: Załadowany plik bazy danych: C:/Users/Piotrek/IdeaProjects/images-compare-browser/mydb.db
lis 06, 2017 2:17:57 PM com.imagecompare.browser.system.Log put
INFO: com.imagecompare.browser.system.SQLiteConnector: Utworzono nowe połączenie z bazą danych.
lis 06, 2017 2:17:57 PM com.imagecompare.browser.system.Log put
INFO: com.imagecompare.browser.system.SQLiteConnector: Zwróconych wyników z bazy danych: 20
lis 06, 2017 2:17:57 PM com.imagecompare.browser.system.Log put
INFO: com.imagecompare.browser.system.SQLiteConnector: Odczyt z bazy danych C:/Users/Piotrek/IdeaProjects/images-compare-browser/mydb.db prawidłowy.
lis 06, 2017 2:17:58 PM com.imagecompare.browser.system.Log put
INFO: com.imagecompare.browser.system.SQLiteConnector: Zwróconych wyników z bazy danych: 20
lis 06, 2017 2:17:58 PM com.imagecompare.browser.system.Log put
INFO: com.imagecompare.browser.system.SQLiteConnector: Odczyt z bazy danych C:/Users/Piotrek/IdeaProjects/images-compare-browser/mydb.db prawidłowy.
lis 06, 2017 2:18:00 PM com.imagecompare.browser.system.Log put
INFO: com.imagecompare.browser.gui.main.MainWindow: Zapis ustawień okna.
lis 06, 2017 2:18:00 PM com.imagecompare.browser.system.Log put
INFO: com.imagecompare.browser.system.ConfigFileHandler: Wpisanie do pliku konfiguracji ostatniej wielkości okna aplikacji: C:/Users/Piotrek/IdeaProjects/images-compare-browser/mydb.db
lis 06, 2017 2:18:00 PM com.imagecompare.browser.system.Log put
INFO: com.imagecompare.browser.gui.main.MainWindow: Zamykanie połączenia z bazą SQLite.
lis 06, 2017 2:18:00 PM com.imagecompare.browser.system.Log put
INFO: com.imagecompare.browser.gui.main.MainWindow: Zamykanie aplikacji.
lis 06, 2017 2:18:17 PM com.imagecompare.browser.system.Log put
INFO: Log (Logger): Uruchomienie aplikacji w trybie DEBUG. Logger załadowany.
lis 06, 2017 2:18:17 PM com.imagecompare.browser.system.Log put
INFO: com.imagecompare.browser.MainClass: Start aplikacji ImageCompareBrowser a.k.a. Admin Images.
lis 06, 2017 2:18:17 PM com.imagecompare.browser.system.Log put
INFO: com.imagecompare.browser.system.ConfigFileHandler: Plik konfiguracji - OK.
lis 06, 2017 2:18:17 PM com.imagecompare.browser.system.Log put
INFO: com.imagecompare.browser.gui.main.MainWindow: Created GUI on EDT? true
lis 06, 2017 2:18:17 PM com.imagecompare.browser.system.Log put
INFO: com.imagecompare.browser.gui.main.InitialDialog: Ostatnio wybierany plik bazy danych: C:/Users/Piotrek/IdeaProjects/images-compare-browser/mydb.db
lis 06, 2017 2:18:18 PM com.imagecompare.browser.system.Log put
INFO: com.imagecompare.browser.gui.main.InitialDialog: Załadowany plik bazy danych: C:/Users/Piotrek/IdeaProjects/images-compare-browser/mydb.db
lis 06, 2017 2:18:19 PM com.imagecompare.browser.system.Log put
INFO: com.imagecompare.browser.system.SQLiteConnector: Utworzono nowe połączenie z bazą danych.
lis 06, 2017 2:18:19 PM com.imagecompare.browser.system.Log put
INFO: com.imagecompare.browser.system.SQLiteConnector: Zwróconych wyników z bazy danych: 20
lis 06, 2017 2:18:19 PM com.imagecompare.browser.system.Log put
INFO: com.imagecompare.browser.system.SQLiteConnector: Odczyt z bazy danych C:/Users/Piotrek/IdeaProjects/images-compare-browser/mydb.db prawidłowy.
lis 06, 2017 2:18:19 PM com.imagecompare.browser.system.Log put
INFO: com.imagecompare.browser.system.SQLiteConnector: Zwróconych wyników z bazy danych: 20
lis 06, 2017 2:18:19 PM com.imagecompare.browser.system.Log put
INFO: com.imagecompare.browser.system.SQLiteConnector: Odczyt z bazy danych C:/Users/Piotrek/IdeaProjects/images-compare-browser/mydb.db prawidłowy.
lis 06, 2017 2:18:23 PM com.imagecompare.browser.system.Log put
INFO: com.imagecompare.browser.gui.main.MainWindow: Zapis ustawień okna.
lis 06, 2017 2:18:23 PM com.imagecompare.browser.system.Log put
INFO: com.imagecompare.browser.system.ConfigFileHandler: Wpisanie do pliku konfiguracji ostatniej wielkości okna aplikacji: C:/Users/Piotrek/IdeaProjects/images-compare-browser/mydb.db
lis 06, 2017 2:18:23 PM com.imagecompare.browser.system.Log put
INFO: com.imagecompare.browser.gui.main.MainWindow: Zamykanie połączenia z bazą SQLite.
lis 06, 2017 2:18:23 PM com.imagecompare.browser.system.Log put
INFO: com.imagecompare.browser.gui.main.MainWindow: Zamykanie aplikacji.
lis 06, 2017 2:18:30 PM com.imagecompare.browser.system.Log put
INFO: Log (Logger): Uruchomienie aplikacji w trybie DEBUG. Logger załadowany.
lis 06, 2017 2:18:30 PM com.imagecompare.browser.system.Log put
INFO: com.imagecompare.browser.MainClass: Start aplikacji ImageCompareBrowser a.k.a. Admin Images.
lis 06, 2017 2:18:30 PM com.imagecompare.browser.system.Log put
INFO: com.imagecompare.browser.system.ConfigFileHandler: Plik konfiguracji - OK.
lis 06, 2017 2:18:31 PM com.imagecompare.browser.system.Log put
INFO: com.imagecompare.browser.gui.main.MainWindow: Created GUI on EDT? true
lis 06, 2017 2:18:31 PM com.imagecompare.browser.system.Log put
INFO: com.imagecompare.browser.gui.main.InitialDialog: Ostatnio wybierany plik bazy danych: C:/Users/Piotrek/IdeaProjects/images-compare-browser/mydb.db
lis 06, 2017 2:18:32 PM com.imagecompare.browser.system.Log put
INFO: com.imagecompare.browser.gui.main.InitialDialog: Załadowany plik bazy danych: C:/Users/Piotrek/IdeaProjects/images-compare-browser/mydb.db
lis 06, 2017 2:18:33 PM com.imagecompare.browser.system.Log put
INFO: com.imagecompare.browser.system.SQLiteConnector: Utworzono nowe połączenie z bazą danych.
lis 06, 2017 2:18:33 PM com.imagecompare.browser.system.Log put
INFO: com.imagecompare.browser.system.SQLiteConnector: Zwróconych wyników z bazy danych: 20
lis 06, 2017 2:18:33 PM com.imagecompare.browser.system.Log put
INFO: com.imagecompare.browser.system.SQLiteConnector: Odczyt z bazy danych C:/Users/Piotrek/IdeaProjects/images-compare-browser/mydb.db prawidłowy.
lis 06, 2017 2:18:33 PM com.imagecompare.browser.system.Log put
INFO: com.imagecompare.browser.system.SQLiteConnector: Zwróconych wyników z bazy danych: 20
lis 06, 2017 2:18:33 PM com.imagecompare.browser.system.Log put
INFO: com.imagecompare.browser.system.SQLiteConnector: Odczyt z bazy danych C:/Users/Piotrek/IdeaProjects/images-compare-browser/mydb.db prawidłowy.
lis 06, 2017 2:18:35 PM com.imagecompare.browser.system.Log put
INFO: com.imagecompare.browser.gui.main.MainWindow: Zapis ustawień okna.
lis 06, 2017 2:18:35 PM com.imagecompare.browser.system.Log put
INFO: com.imagecompare.browser.system.ConfigFileHandler: Wpisanie do pliku konfiguracji ostatniej wielkości okna aplikacji: C:/Users/Piotrek/IdeaProjects/images-compare-browser/mydb.db
lis 06, 2017 2:18:35 PM com.imagecompare.browser.system.Log put
INFO: com.imagecompare.browser.gui.main.MainWindow: Zamykanie połączenia z bazą SQLite.
lis 06, 2017 2:18:35 PM com.imagecompare.browser.system.Log put
INFO: com.imagecompare.browser.gui.main.MainWindow: Zamykanie aplikacji.
lis 06, 2017 2:18:41 PM com.imagecompare.browser.system.Log put
INFO: Log (Logger): Uruchomienie aplikacji w trybie DEBUG. Logger załadowany.
lis 06, 2017 2:18:41 PM com.imagecompare.browser.system.Log put
INFO: com.imagecompare.browser.MainClass: Start aplikacji ImageCompareBrowser a.k.a. Admin Images.
lis 06, 2017 2:18:41 PM com.imagecompare.browser.system.Log put
INFO: com.imagecompare.browser.system.ConfigFileHandler: Plik konfiguracji - OK.
lis 06, 2017 2:18:41 PM com.imagecompare.browser.system.Log put
INFO: com.imagecompare.browser.gui.main.MainWindow: Created GUI on EDT? true
lis 06, 2017 2:18:41 PM com.imagecompare.browser.system.Log put
INFO: com.imagecompare.browser.gui.main.InitialDialog: Ostatnio wybierany plik bazy danych: C:/Users/Piotrek/IdeaProjects/images-compare-browser/mydb.db
lis 06, 2017 2:18:42 PM com.imagecompare.browser.system.Log put
INFO: com.imagecompare.browser.gui.main.InitialDialog: Załadowany plik bazy danych: C:/Users/Piotrek/IdeaProjects/images-compare-browser/mydb.db
lis 06, 2017 2:18:43 PM com.imagecompare.browser.system.Log put
INFO: com.imagecompare.browser.system.SQLiteConnector: Utworzono nowe połączenie z bazą danych.
lis 06, 2017 2:18:43 PM com.imagecompare.browser.system.Log put
INFO: com.imagecompare.browser.system.SQLiteConnector: Zwróconych wyników z bazy danych: 20
lis 06, 2017 2:18:43 PM com.imagecompare.browser.system.Log put
INFO: com.imagecompare.browser.system.SQLiteConnector: Odczyt z bazy danych C:/Users/Piotrek/IdeaProjects/images-compare-browser/mydb.db prawidłowy.
lis 06, 2017 2:18:43 PM com.imagecompare.browser.system.Log put
INFO: com.imagecompare.browser.system.SQLiteConnector: Zwróconych wyników z bazy danych: 20
lis 06, 2017 2:18:43 PM com.imagecompare.browser.system.Log put
INFO: com.imagecompare.browser.system.SQLiteConnector: Odczyt z bazy danych C:/Users/Piotrek/IdeaProjects/images-compare-browser/mydb.db prawidłowy.
lis 06, 2017 2:18:58 PM com.imagecompare.browser.system.Log put
INFO: com.imagecompare.browser.gui.main.MainWindow: Zapis ustawień okna.
lis 06, 2017 2:18:58 PM com.imagecompare.browser.system.Log put
INFO: com.imagecompare.browser.system.ConfigFileHandler: Wpisanie do pliku konfiguracji ostatniej wielkości okna aplikacji: C:/Users/Piotrek/IdeaProjects/images-compare-browser/mydb.db
lis 06, 2017 2:18:58 PM com.imagecompare.browser.system.Log put
INFO: com.imagecompare.browser.gui.main.MainWindow: Zamykanie połączenia z bazą SQLite.
lis 06, 2017 2:18:58 PM com.imagecompare.browser.system.Log put
INFO: com.imagecompare.browser.gui.main.MainWindow: Zamykanie aplikacji.
lis 06, 2017 2:19:25 PM com.imagecompare.browser.system.Log put
INFO: Log (Logger): Uruchomienie aplikacji w trybie DEBUG. Logger załadowany.
lis 06, 2017 2:19:25 PM com.imagecompare.browser.system.Log put
INFO: com.imagecompare.browser.MainClass: Start aplikacji ImageCompareBrowser a.k.a. Admin Images.
lis 06, 2017 2:19:25 PM com.imagecompare.browser.system.Log put
INFO: com.imagecompare.browser.system.ConfigFileHandler: Plik konfiguracji - OK.
lis 06, 2017 2:19:25 PM com.imagecompare.browser.system.Log put
INFO: com.imagecompare.browser.gui.main.MainWindow: Created GUI on EDT? true
lis 06, 2017 2:19:25 PM com.imagecompare.browser.system.Log put
INFO: com.imagecompare.browser.gui.main.InitialDialog: Ostatnio wybierany plik bazy danych: C:/Users/Piotrek/IdeaProjects/images-compare-browser/mydb.db
lis 06, 2017 2:19:29 PM com.imagecompare.browser.system.Log put
INFO: com.imagecompare.browser.gui.main.InitialDialog: Załadowany plik bazy danych: C:/Users/Piotrek/IdeaProjects/images-compare-browser/mydb.db
lis 06, 2017 2:19:30 PM com.imagecompare.browser.system.Log put
INFO: com.imagecompare.browser.system.SQLiteConnector: Utworzono nowe połączenie z bazą danych.
lis 06, 2017 2:19:30 PM com.imagecompare.browser.system.Log put
INFO: com.imagecompare.browser.system.SQLiteConnector: Zwróconych wyników z bazy danych: 20
lis 06, 2017 2:19:30 PM com.imagecompare.browser.system.Log put
INFO: com.imagecompare.browser.system.SQLiteConnector: Odczyt z bazy danych C:/Users/Piotrek/IdeaProjects/images-compare-browser/mydb.db prawidłowy.
lis 06, 2017 2:19:30 PM com.imagecompare.browser.system.Log put
INFO: com.imagecompare.browser.system.SQLiteConnector: Zwróconych wyników z bazy danych: 20
lis 06, 2017 2:19:30 PM com.imagecompare.browser.system.Log put
INFO: com.imagecompare.browser.system.SQLiteConnector: Odczyt z bazy danych C:/Users/Piotrek/IdeaProjects/images-compare-browser/mydb.db prawidłowy.
lis 06, 2017 2:19:48 PM com.imagecompare.browser.system.Log put
INFO: com.imagecompare.browser.gui.main.MainWindow: Zapis ustawień okna.
lis 06, 2017 2:19:48 PM com.imagecompare.browser.system.Log put
INFO: com.imagecompare.browser.system.ConfigFileHandler: Wpisanie do pliku konfiguracji ostatniej wielkości okna aplikacji: C:/Users/Piotrek/IdeaProjects/images-compare-browser/mydb.db
lis 06, 2017 2:19:48 PM com.imagecompare.browser.system.Log put
INFO: com.imagecompare.browser.gui.main.MainWindow: Zamykanie połączenia z bazą SQLite.
lis 06, 2017 2:19:48 PM com.imagecompare.browser.system.Log put
INFO: com.imagecompare.browser.gui.main.MainWindow: Zamykanie aplikacji.
